<?xml version="1.0" encoding="UTF-8"?>
<!-- Generated by org.testng.reporters.JUnitXMLReporter -->
<testsuite ignored="0" hostname="DESKTOP-CV42A7Q" failures="0" tests="3" name="Test" time="62.409" errors="0" timestamp="2022-05-28T06:12:18 IST">
  <testcase classname="com.mystore.testcases.TC_ProductPageTest" name="VerifyBuyProduct" time="39.461"/>
  <testcase classname="com.mystore.testcases.TC_ProductPageTest" name="VerifySearchProduct" time="9.361"/>
  <testcase classname="com.mystore.testcases.TC_ProductPageTest" name="verifyAddToWishlistWithoutLogin" time="3.159"/>
</testsuite> <!-- Test -->
