<?xml version="1.0" encoding="UTF-8"?>
<testsuite xmlns:xsi="http://www.w3.org/2001/XMLSchema-instance" xsi:noNamespaceSchemaLocation="https://maven.apache.org/surefire/maven-surefire-plugin/xsd/surefire-test-report-3.0.xsd" version="3.0" name="TestSuite" time="63.983" tests="3" errors="0" skipped="0" failures="0">
  <properties>
[...]
</properties>
  <testcase name="VerifyBuyProduct" classname="com.mystore.testcases.TC_ProductPageTest" time="39.495">
    <system-out><![CDATA[On Start method invoked....
[DEBUG] 2022-05-28 06:11:17.856 [main] InternalLoggerFactory - Using Log4J2 as the default logging framework
[DEBUG] 2022-05-28 06:11:17.864 [main] ResourceLeakDetector - -Dio.netty.leakDetection.level: simple
[DEBUG] 2022-05-28 06:11:17.864 [main] ResourceLeakDetector - -Dio.netty.leakDetection.targetRecords: 4
[DEBUG] 2022-05-28 06:11:17.869 [main] ResourceLeakDetectorFactory - Loaded default ResourceLeakDetector: io.netty.util.ResourceLeakDetector@b2f4ece
[DEBUG] 2022-05-28 06:11:17.887 [main] PlatformDependent0 - -Dio.netty.noUnsafe: false
[DEBUG] 2022-05-28 06:11:17.887 [main] PlatformDependent0 - Java version: 11
[DEBUG] 2022-05-28 06:11:17.889 [main] PlatformDependent0 - sun.misc.Unsafe.theUnsafe: available
[DEBUG] 2022-05-28 06:11:17.889 [main] PlatformDependent0 - sun.misc.Unsafe.copyMemory: available
[DEBUG] 2022-05-28 06:11:17.890 [main] PlatformDependent0 - java.nio.Buffer.address: available
[DEBUG] 2022-05-28 06:11:17.890 [main] PlatformDependent0 - direct buffer constructor: unavailable: Reflective setAccessible(true) disabled
[DEBUG] 2022-05-28 06:11:17.891 [main] PlatformDependent0 - java.nio.Bits.unaligned: available, true
[DEBUG] 2022-05-28 06:11:17.892 [main] PlatformDependent0 - jdk.internal.misc.Unsafe.allocateUninitializedArray(int): unavailable: class io.netty.util.internal.PlatformDependent0$6 cannot access class jdk.internal.misc.Unsafe (in module java.base) because module java.base does not export jdk.internal.misc to unnamed module @39e43310
[DEBUG] 2022-05-28 06:11:17.894 [main] PlatformDependent0 - java.nio.DirectByteBuffer.<init>(long, int): unavailable
[DEBUG] 2022-05-28 06:11:17.894 [main] PlatformDependent - sun.misc.Unsafe: available
[DEBUG] 2022-05-28 06:11:17.894 [main] PlatformDependent - maxDirectMemory: 2067791872 bytes (maybe)
[DEBUG] 2022-05-28 06:11:17.895 [main] PlatformDependent - -Dio.netty.tmpdir: C:\Users\prach\AppData\Local\Temp (java.io.tmpdir)
[DEBUG] 2022-05-28 06:11:17.895 [main] PlatformDependent - -Dio.netty.bitMode: 64 (sun.arch.data.model)
[DEBUG] 2022-05-28 06:11:17.895 [main] PlatformDependent - Platform: Windows
[DEBUG] 2022-05-28 06:11:17.896 [main] PlatformDependent - -Dio.netty.maxDirectMemory: -1 bytes
[DEBUG] 2022-05-28 06:11:17.896 [main] PlatformDependent - -Dio.netty.uninitializedArrayAllocationThreshold: -1
[DEBUG] 2022-05-28 06:11:17.897 [main] CleanerJava9 - java.nio.ByteBuffer.cleaner(): available
[DEBUG] 2022-05-28 06:11:17.897 [main] PlatformDependent - -Dio.netty.noPreferDirect: false
[DEBUG] 2022-05-28 06:11:17.903 [main] PlatformDependent - org.jctools-core.MpscChunkedArrayQueue: available
[DEBUG] 2022-05-28 06:11:17.922 [main] InternalThreadLocalMap - -Dio.netty.threadLocalMap.stringBuilder.initialSize: 1024
[DEBUG] 2022-05-28 06:11:17.922 [main] InternalThreadLocalMap - -Dio.netty.threadLocalMap.stringBuilder.maxSize: 4096
[DEBUG] 2022-05-28 06:11:17.985 [main] JdkSslContext - Default protocols (JDK): [TLSv1.3, TLSv1.2, TLSv1.1, TLSv1] 
[DEBUG] 2022-05-28 06:11:17.985 [main] JdkSslContext - Default cipher suites (JDK): [TLS_ECDHE_ECDSA_WITH_AES_256_GCM_SHA384, TLS_ECDHE_ECDSA_WITH_AES_128_GCM_SHA256, TLS_ECDHE_RSA_WITH_AES_128_GCM_SHA256, TLS_ECDHE_RSA_WITH_AES_256_GCM_SHA384, TLS_ECDHE_RSA_WITH_AES_128_CBC_SHA, TLS_ECDHE_RSA_WITH_AES_256_CBC_SHA, TLS_RSA_WITH_AES_128_GCM_SHA256, TLS_RSA_WITH_AES_128_CBC_SHA, TLS_RSA_WITH_AES_256_CBC_SHA, TLS_AES_128_GCM_SHA256, TLS_AES_256_GCM_SHA384]
[DEBUG] 2022-05-28 06:11:18.021 [main] MultithreadEventLoopGroup - -Dio.netty.eventLoopThreads: 16
[DEBUG] 2022-05-28 06:11:18.032 [main] NioEventLoop - -Dio.netty.noKeySetOptimization: false
[DEBUG] 2022-05-28 06:11:18.032 [main] NioEventLoop - -Dio.netty.selectorAutoRebuildThreshold: 512
[DEBUG] 2022-05-28 06:11:18.104 [main] PooledByteBufAllocator - -Dio.netty.allocator.numHeapArenas: 16
[DEBUG] 2022-05-28 06:11:18.104 [main] PooledByteBufAllocator - -Dio.netty.allocator.numDirectArenas: 16
[DEBUG] 2022-05-28 06:11:18.104 [main] PooledByteBufAllocator - -Dio.netty.allocator.pageSize: 8192
[DEBUG] 2022-05-28 06:11:18.104 [main] PooledByteBufAllocator - -Dio.netty.allocator.maxOrder: 11
[DEBUG] 2022-05-28 06:11:18.104 [main] PooledByteBufAllocator - -Dio.netty.allocator.chunkSize: 16777216
[DEBUG] 2022-05-28 06:11:18.104 [main] PooledByteBufAllocator - -Dio.netty.allocator.smallCacheSize: 256
[DEBUG] 2022-05-28 06:11:18.104 [main] PooledByteBufAllocator - -Dio.netty.allocator.normalCacheSize: 64
[DEBUG] 2022-05-28 06:11:18.104 [main] PooledByteBufAllocator - -Dio.netty.allocator.maxCachedBufferCapacity: 32768
[DEBUG] 2022-05-28 06:11:18.104 [main] PooledByteBufAllocator - -Dio.netty.allocator.cacheTrimInterval: 8192
[DEBUG] 2022-05-28 06:11:18.104 [main] PooledByteBufAllocator - -Dio.netty.allocator.cacheTrimIntervalMillis: 0
[DEBUG] 2022-05-28 06:11:18.104 [main] PooledByteBufAllocator - -Dio.netty.allocator.useCacheForAllThreads: true
[DEBUG] 2022-05-28 06:11:18.105 [main] PooledByteBufAllocator - -Dio.netty.allocator.maxCachedByteBuffersPerChunk: 1023
[DEBUG] 2022-05-28 06:11:18.115 [main] ByteBufUtil - -Dio.netty.allocator.type: pooled
[DEBUG] 2022-05-28 06:11:18.115 [main] ByteBufUtil - -Dio.netty.threadLocalDirectBufferSize: 0
[DEBUG] 2022-05-28 06:11:18.116 [main] ByteBufUtil - -Dio.netty.maxThreadLocalCharBufferSize: 16384
[DEBUG] 2022-05-28 06:11:19.040 [Forwarding newSession on session null to remote] DefaultChannelId - -Dio.netty.processId: 13904 (auto-detected)
[DEBUG] 2022-05-28 06:11:19.043 [Forwarding newSession on session null to remote] NetUtil - -Djava.net.preferIPv4Stack: false
[DEBUG] 2022-05-28 06:11:19.043 [Forwarding newSession on session null to remote] NetUtil - -Djava.net.preferIPv6Addresses: false
[DEBUG] 2022-05-28 06:11:19.168 [Forwarding newSession on session null to remote] NetUtilInitializations - Loopback interface: lo (Software Loopback Interface 1, 127.0.0.1)
[DEBUG] 2022-05-28 06:11:19.169 [Forwarding newSession on session null to remote] NetUtil - Failed to get SOMAXCONN from sysctl and file \proc\sys\net\core\somaxconn. Default: 200
[DEBUG] 2022-05-28 06:11:19.315 [Forwarding newSession on session null to remote] DefaultChannelId - -Dio.netty.machineId: 84:5c:f3:ff:fe:4d:c3:0d (auto-detected)
[DEBUG] 2022-05-28 06:11:19.384 [AsyncHttpClient-1-2] AbstractByteBuf - -Dio.netty.buffer.checkAccessible: true
[DEBUG] 2022-05-28 06:11:19.384 [AsyncHttpClient-1-2] AbstractByteBuf - -Dio.netty.buffer.checkBounds: true
[DEBUG] 2022-05-28 06:11:19.385 [AsyncHttpClient-1-2] ResourceLeakDetectorFactory - Loaded default ResourceLeakDetector: io.netty.util.ResourceLeakDetector@4bb09213
[DEBUG] 2022-05-28 06:11:19.416 [AsyncHttpClient-1-2] Recycler - -Dio.netty.recycler.maxCapacityPerThread: 4096
[DEBUG] 2022-05-28 06:11:19.416 [AsyncHttpClient-1-2] Recycler - -Dio.netty.recycler.maxSharedCapacityFactor: 2
[DEBUG] 2022-05-28 06:11:19.417 [AsyncHttpClient-1-2] Recycler - -Dio.netty.recycler.linkCapacity: 16
[DEBUG] 2022-05-28 06:11:19.417 [AsyncHttpClient-1-2] Recycler - -Dio.netty.recycler.ratio: 8
[DEBUG] 2022-05-28 06:11:19.417 [AsyncHttpClient-1-2] Recycler - -Dio.netty.recycler.delayedQueue.ratio: 8
[DEBUG] 2022-05-28 06:11:20.134 [AsyncHttpClient-1-2] Brotli - brotli4j not in the classpath; Brotli support will be unavailable.
[DEBUG] 2022-05-28 06:11:20.308 [main] ThreadLocalRandom - -Dio.netty.initialSeedUniquifier: 0xd8ae559737921ed2
[INFO ] 2022-05-28 06:11:26.101 [main] MyStoreV1 - url opened
Name of test method started:VerifyBuyProduct
[INFO ] 2022-05-28 06:11:26.134 [main] MyStoreV1 - 
***************TestCase Buy Product started*****************
[INFO ] 2022-05-28 06:11:28.193 [main] MyStoreV1 - User Email and Password entered.
[INFO ] 2022-05-28 06:11:30.534 [main] MyStoreV1 - Sign In link clicked
[INFO ] 2022-05-28 06:11:30.622 [main] MyStoreV1 - T-shirt entered in search box
[INFO ] 2022-05-28 06:11:33.319 [main] MyStoreV1 - clicked on search button
[INFO ] 2022-05-28 06:11:35.469 [main] MyStoreV1 - Clicked on more button
[INFO ] 2022-05-28 06:11:39.603 [main] MyStoreV1 - quantity 2 entereed
[INFO ] 2022-05-28 06:11:39.767 [main] MyStoreV1 - size M entered
[INFO ] 2022-05-28 06:11:39.835 [main] MyStoreV1 - Clicked on add to cart
[INFO ] 2022-05-28 06:11:44.409 [main] MyStoreV1 - Clicked on proceed to checkout on product page
[INFO ] 2022-05-28 06:11:46.950 [main] MyStoreV1 - Clicked on proceed to checkout on order summary page
[INFO ] 2022-05-28 06:11:48.740 [main] MyStoreV1 - Clicked on proceed to checkout on order address page
[INFO ] 2022-05-28 06:11:48.862 [main] MyStoreV1 - selecged term of service check box
[INFO ] 2022-05-28 06:11:51.050 [main] MyStoreV1 - Clicked on proceed to checkout on order shipping page
[INFO ] 2022-05-28 06:11:51.061 [main] MyStoreV1 - http://automationpractice.com/index.php?controller=order&multi-shipping=
[INFO ] 2022-05-28 06:11:54.238 [main] MyStoreV1 - Clicked on pay by cheque
[INFO ] 2022-05-28 06:12:01.561 [main] MyStoreV1 - Clicked on confirmed order
[INFO ] 2022-05-28 06:12:01.601 [main] MyStoreV1 - VerifyBuyProduct - Passed
[INFO ] 2022-05-28 06:12:05.590 [main] MyStoreV1 - ***************TestCase BuyProduct ends*****************
Name of test method sucessfully executed:VerifyBuyProduct
]]></system-out>
    <system-err><![CDATA[SLF4J: Failed to load class "org.slf4j.impl.StaticLoggerBinder".
SLF4J: Defaulting to no-operation (NOP) logger implementation
SLF4J: See http://www.slf4j.org/codes.html#StaticLoggerBinder for further details.
Starting ChromeDriver 101.0.4951.41 (93c720db8323b3ec10d056025ab95c23a31997c9-refs/branch-heads/4951@{#904}) on port 60749
Only local connections are allowed.
Please see https://chromedriver.chromium.org/security-considerations for suggestions on keeping ChromeDriver safe.
ChromeDriver was started successfully.
May 28, 2022 6:11:20 AM org.openqa.selenium.remote.ProtocolHandshake createSession
INFO: Detected dialect: W3C
May 28, 2022 6:11:20 AM org.openqa.selenium.devtools.CdpVersionFinder findNearestMatch
WARNING: Unable to find an exact match for CDP version 101, so returning the closest version found: a no-op implementation
May 28, 2022 6:11:20 AM org.openqa.selenium.devtools.CdpVersionFinder findNearestMatch
INFO: Unable to find CDP implementation matching 101.
May 28, 2022 6:11:20 AM org.openqa.selenium.chromium.ChromiumDriver lambda$new$3
WARNING: Unable to find version of CDP to use for . You may need to include a dependency on a specific version of the CDP using something similar to `org.seleniumhq.selenium:selenium-devtools-v86:4.1.1` where the version ("v86") matches the version of the chromium-based browser you're using and the version number of the artifact is the same as Selenium's.
]]></system-err>
  </testcase>
  <testcase name="VerifySearchProduct" classname="com.mystore.testcases.TC_ProductPageTest" time="9.355">
    <system-out><![CDATA[Name of test method started:VerifySearchProduct
[INFO ] 2022-05-28 06:12:05.630 [main] MyStoreV1 - 
***************TestCase Search Product started*****************
[INFO ] 2022-05-28 06:12:08.136 [main] MyStoreV1 - User Email and Password entered.
[INFO ] 2022-05-28 06:12:10.812 [main] MyStoreV1 - Sign In link clicked
[INFO ] 2022-05-28 06:12:12.439 [main] MyStoreV1 - Search Product testcase - Passed
[INFO ] 2022-05-28 06:12:14.989 [main] MyStoreV1 - ***************TestCase Search Product ends*****************
Name of test method sucessfully executed:VerifySearchProduct
]]></system-out>
  </testcase>
  <testcase name="verifyAddToWishlistWithoutLogin" classname="com.mystore.testcases.TC_ProductPageTest" time="3.131">
    <system-out><![CDATA[Name of test method started:verifyAddToWishlistWithoutLogin
[INFO ] 2022-05-28 06:12:14.991 [main] MyStoreV1 - 
***************TestCase verifyAddToWishlistWithoutLogin started*****************
[INFO ] 2022-05-28 06:12:18.148 [main] MyStoreV1 - verifyAddToWishlistWithoutLogin - passed
Name of test method sucessfully executed:verifyAddToWishlistWithoutLogin
]]></system-out>
  </testcase>
</testsuite>